<?xml version="1.0" encoding="UTF-8"?>
<!-- Generated by org.testng.reporters.JUnitXMLReporter -->
<testsuite ignored="0" hostname="DESKTOP-8LUOQ3B" failures="0" tests="6" name="ChromeTests" time="108.379" errors="0" timestamp="2026-03-10T12:10:39 IST">
  <testcase classname="tests.FlightBookingTest" name="bookFlight" time="16.158"/>
  <testcase classname="tests.FlightBookingTest" name="bookFlight" time="13.728"/>
  <testcase classname="tests.InvalidBookingTest" name="bookingWithoutNameTest" time="13.643"/>
  <testcase classname="tests.EmptyAddressTest" name="verifyEmptyAddress" time="11.432"/>
  <testcase classname="tests.InvalidCardTest" name="invalidCardTest" time="11.982"/>
  <testcase classname="tests.PassengerValidationTest" name="verifyPassengerName" time="15.545"/>
</testsuite> <!-- ChromeTests -->
