<?xml version="1.0" encoding="UTF-8"?>
<!-- Generated by org.testng.reporters.JUnitXMLReporter -->
<testsuite ignored="0" hostname="DESKTOP-8LUOQ3B" failures="0" tests="3" name="ChromeTest" time="66.387" errors="0" timestamp="2026-03-09T17:15:54 IST">
  <testcase classname="tests.FlightBookingTest" name="bookFlight" time="18.032"/>
  <testcase classname="tests.FlightBookingTest" name="bookFlight" time="17.031"/>
  <testcase classname="tests.InvalidBookingTest" name="bookingWithoutNameTest" time="15.716"/>
</testsuite> <!-- ChromeTest -->
