<?xml version="1.0" encoding="UTF-8"?>
<!-- Generated by org.testng.reporters.JUnitXMLReporter -->
<testsuite ignored="0" hostname="DESKTOP-8LUOQ3B" failures="0" tests="3" name="ChromeTests" time="61.243" errors="0" timestamp="2026-03-10T10:09:03 IST">
  <testcase classname="tests.FlightBookingTest" name="bookFlight" time="15.579"/>
  <testcase classname="tests.FlightBookingTest" name="bookFlight" time="14.347"/>
  <testcase classname="tests.InvalidBookingTest" name="bookingWithoutNameTest" time="16.168"/>
</testsuite> <!-- ChromeTests -->
