<?xml version="1.0" encoding="UTF-8"?>
<!-- Generated by org.testng.reporters.JUnitXMLReporter -->
<testsuite ignored="0" hostname="DESKTOP-8LUOQ3B" failures="0" tests="3" name="EdgeTest" time="3.91" errors="0" timestamp="2026-03-09T15:39:26 IST">
  <testcase classname="tests.FlightBookingTest" name="bookFlight" time="0.0">
    <skipped/>
  </testcase> <!-- bookFlight -->
  <testcase classname="tests.FlightBookingTest" name="bookFlight" time="0.0">
    <skipped/>
  </testcase> <!-- bookFlight -->
  <testcase classname="tests.InvalidBookingTest" name="bookingWithoutNameTest" time="0.0">
    <skipped/>
  </testcase> <!-- bookingWithoutNameTest -->
</testsuite> <!-- EdgeTest -->
