<?xml version="1.0" encoding="UTF-8"?>
<!-- Generated by org.testng.reporters.JUnitXMLReporter -->
<testsuite ignored="0" hostname="DESKTOP-8LUOQ3B" failures="0" tests="3" name="FirefoxTests" time="64.026" errors="0" timestamp="2026-03-10T10:22:24 IST">
  <testcase classname="tests.FlightBookingTest" name="bookFlight" time="12.58"/>
  <testcase classname="tests.FlightBookingTest" name="bookFlight" time="13.368"/>
  <testcase classname="tests.InvalidBookingTest" name="bookingWithoutNameTest" time="13.954"/>
</testsuite> <!-- FirefoxTests -->
