<?xml version="1.0" encoding="UTF-8"?>
<!-- Generated by org.testng.reporters.JUnitXMLReporter -->
<testsuite ignored="0" hostname="DESKTOP-8LUOQ3B" failures="1" tests="1" name="FirefoxTest" time="18.536" errors="0" timestamp="2026-03-09T18:36:44 IST">
  <testcase classname="tests.InvalidBookingTest" name="bookingWithoutNameTest" time="1.653">
    <failure type="java.lang.NullPointerException" message="Cannot invoke &amp;quot;com.aventstack.extentreports.ExtentTest.info(String)&amp;quot; because the return value of &amp;quot;java.lang.ThreadLocal.get()&amp;quot; is null">
      <![CDATA[java.lang.NullPointerException: Cannot invoke "com.aventstack.extentreports.ExtentTest.info(String)" because the return value of "java.lang.ThreadLocal.get()" is null
at pages.HomePage.selectCities(HomePage.java:35)
at tests.InvalidBookingTest.bookingWithoutNameTest(InvalidBookingTest.java:18)
at java.base/java.util.ArrayList.forEach(ArrayList.java:1596)
at java.base/java.util.concurrent.FutureTask.run(FutureTask.java:317)
at java.base/java.util.concurrent.ThreadPoolExecutor.runWorker(ThreadPoolExecutor.java:1144)
at java.base/java.util.concurrent.ThreadPoolExecutor$Worker.run(ThreadPoolExecutor.java:642)
at java.base/java.lang.Thread.run(Thread.java:1583)
... Removed 15 stack frames]]>
    </failure>
  </testcase> <!-- bookingWithoutNameTest -->
</testsuite> <!-- FirefoxTest -->
