<?xml version="1.0" encoding="UTF-8"?>
<!-- Generated by org.testng.reporters.JUnitXMLReporter -->
<testsuite ignored="0" hostname="DESKTOP-8LUOQ3B" failures="0" tests="3" name="FirefoxTest" time="77.456" errors="0" timestamp="2026-03-09T18:14:15 IST">
  <testcase classname="tests.FlightBookingTest" name="bookFlight" time="14.674"/>
  <testcase classname="tests.FlightBookingTest" name="bookFlight" time="14.107"/>
  <testcase classname="tests.InvalidBookingTest" name="bookingWithoutNameTest" time="13.293"/>
</testsuite> <!-- FirefoxTest -->
