<?xml version="1.0" encoding="UTF-8"?>
<!-- Generated by org.testng.reporters.JUnitXMLReporter -->
<testsuite ignored="0" hostname="DESKTOP-8LUOQ3B" failures="0" tests="3" name="FirefoxTests" time="72.11" errors="0" timestamp="2026-03-10T10:09:14 IST">
  <testcase classname="tests.FlightBookingTest" name="bookFlight" time="14.466"/>
  <testcase classname="tests.FlightBookingTest" name="bookFlight" time="13.405"/>
  <testcase classname="tests.InvalidBookingTest" name="bookingWithoutNameTest" time="14.745"/>
</testsuite> <!-- FirefoxTests -->
