<?xml version="1.0" encoding="UTF-8"?>
<!-- Generated by org.testng.reporters.JUnitXMLReporter -->
<testsuite ignored="0" hostname="DESKTOP-8LUOQ3B" failures="0" tests="3" name="FlightTests" time="57.383" errors="0" timestamp="2026-03-09T14:18:34 IST">
  <testcase classname="tests.FlightBookingTest" name="bookFlight" time="22.766"/>
  <testcase classname="tests.InvalidBookingTest" name="bookingWithoutNameTest" time="22.968"/>
  <testcase classname="tests.FlightBookingTest" name="bookFlight" time="20.967"/>
</testsuite> <!-- FlightTests -->
