<?xml version="1.0" encoding="UTF-8"?>
<testng-results ignored="0" total="12" passed="12" failed="0" skipped="0">
  <reporter-output>
  </reporter-output>
  <suite started-at="2026-03-10T12:08:51 IST" name="FlightBookingSuite" finished-at="2026-03-10T12:12:41 IST" duration-ms="230689">
    <groups>
    </groups>
    <test started-at="2026-03-10T12:08:51 IST" name="ChromeTests" finished-at="2026-03-10T12:10:39 IST" duration-ms="108379">
      <class name="tests.InvalidBookingTest">
        <test-method is-config="true" signature="setup(java.lang.String)[pri:0, instance:tests.InvalidBookingTest@57a3e26a]" started-at="2026-03-10T12:09:32 IST" name="setup" finished-at="2026-03-10T12:09:35 IST" duration-ms="2795" status="PASS">
          <params>
            <param index="0">
              <value>
                <![CDATA[chrome]]>
              </value>
            </param>
          </params>
          <reporter-output>
          </reporter-output>
        </test-method> <!-- setup -->
        <test-method signature="bookingWithoutNameTest()[pri:0, instance:tests.InvalidBookingTest@57a3e26a]" started-at="2026-03-10T12:09:35 IST" name="bookingWithoutNameTest" finished-at="2026-03-10T12:09:49 IST" duration-ms="13643" status="PASS">
          <reporter-output>
          </reporter-output>
        </test-method> <!-- bookingWithoutNameTest -->
        <test-method is-config="true" signature="tearDown()[pri:0, instance:tests.InvalidBookingTest@57a3e26a]" started-at="2026-03-10T12:09:49 IST" name="tearDown" finished-at="2026-03-10T12:09:49 IST" duration-ms="264" status="PASS">
          <reporter-output>
          </reporter-output>
        </test-method> <!-- tearDown -->
      </class> <!-- tests.InvalidBookingTest -->
      <class name="tests.EmptyAddressTest">
        <test-method is-config="true" signature="setup(java.lang.String)[pri:0, instance:tests.EmptyAddressTest@75c56eb9]" started-at="2026-03-10T12:09:49 IST" name="setup" finished-at="2026-03-10T12:09:52 IST" duration-ms="3301" status="PASS">
          <params>
            <param index="0">
              <value>
                <![CDATA[chrome]]>
              </value>
            </param>
          </params>
          <reporter-output>
          </reporter-output>
        </test-method> <!-- setup -->
        <test-method signature="verifyEmptyAddress()[pri:0, instance:tests.EmptyAddressTest@75c56eb9]" started-at="2026-03-10T12:09:52 IST" name="verifyEmptyAddress" description="Verify booking behavior when address field is empty" finished-at="2026-03-10T12:10:04 IST" duration-ms="11432" status="PASS">
          <reporter-output>
          </reporter-output>
        </test-method> <!-- verifyEmptyAddress -->
        <test-method is-config="true" signature="tearDown()[pri:0, instance:tests.EmptyAddressTest@75c56eb9]" started-at="2026-03-10T12:10:04 IST" name="tearDown" finished-at="2026-03-10T12:10:04 IST" duration-ms="240" status="PASS">
          <reporter-output>
          </reporter-output>
        </test-method> <!-- tearDown -->
      </class> <!-- tests.EmptyAddressTest -->
      <class name="tests.PassengerValidationTest">
        <test-method is-config="true" signature="setup(java.lang.String)[pri:0, instance:tests.PassengerValidationTest@2dc9b0f5]" started-at="2026-03-10T12:10:20 IST" name="setup" finished-at="2026-03-10T12:10:23 IST" duration-ms="2848" status="PASS">
          <params>
            <param index="0">
              <value>
                <![CDATA[chrome]]>
              </value>
            </param>
          </params>
          <reporter-output>
          </reporter-output>
        </test-method> <!-- setup -->
        <test-method signature="verifyPassengerName()[pri:0, instance:tests.PassengerValidationTest@2dc9b0f5]" started-at="2026-03-10T12:10:23 IST" name="verifyPassengerName" description="Verify passenger name appears on confirmation page" finished-at="2026-03-10T12:10:39 IST" duration-ms="15545" status="PASS">
          <reporter-output>
          </reporter-output>
        </test-method> <!-- verifyPassengerName -->
        <test-method is-config="true" signature="tearDown()[pri:0, instance:tests.PassengerValidationTest@2dc9b0f5]" started-at="2026-03-10T12:10:39 IST" name="tearDown" finished-at="2026-03-10T12:10:39 IST" duration-ms="268" status="PASS">
          <reporter-output>
          </reporter-output>
        </test-method> <!-- tearDown -->
      </class> <!-- tests.PassengerValidationTest -->
      <class name="tests.FlightBookingTest">
        <test-method is-config="true" signature="setup(java.lang.String)[pri:0, instance:tests.FlightBookingTest@376a0d86]" started-at="2026-03-10T12:08:52 IST" name="setup" finished-at="2026-03-10T12:08:58 IST" duration-ms="5737" status="PASS">
          <params>
            <param index="0">
              <value>
                <![CDATA[chrome]]>
              </value>
            </param>
          </params>
          <reporter-output>
          </reporter-output>
        </test-method> <!-- setup -->
        <test-method signature="bookFlight(java.lang.String,java.lang.String,java.lang.String,java.lang.String,java.lang.String,java.lang.String)[pri:0, instance:tests.FlightBookingTest@376a0d86]" started-at="2026-03-10T12:08:58 IST" name="bookFlight" data-provider="bookingData" finished-at="2026-03-10T12:09:14 IST" duration-ms="16158" status="PASS">
          <params>
            <param index="0">
              <value>
                <![CDATA[Boston]]>
              </value>
            </param>
            <param index="1">
              <value>
                <![CDATA[London]]>
              </value>
            </param>
            <param index="2">
              <value>
                <![CDATA[Prakhar]]>
              </value>
            </param>
            <param index="3">
              <value>
                <![CDATA[NCR]]>
              </value>
            </param>
            <param index="4">
              <value>
                <![CDATA[DELHI]]>
              </value>
            </param>
            <param index="5">
              <value>
                <![CDATA[1234.0]]>
              </value>
            </param>
          </params>
          <reporter-output>
          </reporter-output>
        </test-method> <!-- bookFlight -->
        <test-method is-config="true" signature="tearDown()[pri:0, instance:tests.FlightBookingTest@376a0d86]" started-at="2026-03-10T12:09:14 IST" name="tearDown" finished-at="2026-03-10T12:09:15 IST" duration-ms="672" status="PASS">
          <reporter-output>
          </reporter-output>
        </test-method> <!-- tearDown -->
        <test-method is-config="true" signature="setup(java.lang.String)[pri:0, instance:tests.FlightBookingTest@376a0d86]" started-at="2026-03-10T12:09:15 IST" name="setup" finished-at="2026-03-10T12:09:18 IST" duration-ms="3739" status="PASS">
          <params>
            <param index="0">
              <value>
                <![CDATA[chrome]]>
              </value>
            </param>
          </params>
          <reporter-output>
          </reporter-output>
        </test-method> <!-- setup -->
        <test-method signature="bookFlight(java.lang.String,java.lang.String,java.lang.String,java.lang.String,java.lang.String,java.lang.String)[pri:0, instance:tests.FlightBookingTest@376a0d86]" started-at="2026-03-10T12:09:18 IST" name="bookFlight" data-provider="bookingData" finished-at="2026-03-10T12:09:32 IST" duration-ms="13728" status="PASS">
          <params>
            <param index="0">
              <value>
                <![CDATA[Paris]]>
              </value>
            </param>
            <param index="1">
              <value>
                <![CDATA[Rome]]>
              </value>
            </param>
            <param index="2">
              <value>
                <![CDATA[Ravi]]>
              </value>
            </param>
            <param index="3">
              <value>
                <![CDATA[Noida]]>
              </value>
            </param>
            <param index="4">
              <value>
                <![CDATA[UP]]>
              </value>
            </param>
            <param index="5">
              <value>
                <![CDATA[2222.0]]>
              </value>
            </param>
          </params>
          <reporter-output>
          </reporter-output>
        </test-method> <!-- bookFlight -->
        <test-method is-config="true" signature="tearDown()[pri:0, instance:tests.FlightBookingTest@376a0d86]" started-at="2026-03-10T12:09:32 IST" name="tearDown" finished-at="2026-03-10T12:09:32 IST" duration-ms="277" status="PASS">
          <reporter-output>
          </reporter-output>
        </test-method> <!-- tearDown -->
      </class> <!-- tests.FlightBookingTest -->
      <class name="tests.InvalidCardTest">
        <test-method is-config="true" signature="setup(java.lang.String)[pri:0, instance:tests.InvalidCardTest@4bc222e]" started-at="2026-03-10T12:10:04 IST" name="setup" finished-at="2026-03-10T12:10:08 IST" duration-ms="3507" status="PASS">
          <params>
            <param index="0">
              <value>
                <![CDATA[chrome]]>
              </value>
            </param>
          </params>
          <reporter-output>
          </reporter-output>
        </test-method> <!-- setup -->
        <test-method signature="invalidCardTest()[pri:0, instance:tests.InvalidCardTest@4bc222e]" started-at="2026-03-10T12:10:08 IST" name="invalidCardTest" description="Verify booking behavior with invalid credit card number" finished-at="2026-03-10T12:10:20 IST" duration-ms="11982" status="PASS">
          <reporter-output>
          </reporter-output>
        </test-method> <!-- invalidCardTest -->
        <test-method is-config="true" signature="tearDown()[pri:0, instance:tests.InvalidCardTest@4bc222e]" started-at="2026-03-10T12:10:20 IST" name="tearDown" finished-at="2026-03-10T12:10:20 IST" duration-ms="362" status="PASS">
          <reporter-output>
          </reporter-output>
        </test-method> <!-- tearDown -->
      </class> <!-- tests.InvalidCardTest -->
    </test> <!-- ChromeTests -->
    <test started-at="2026-03-10T12:10:39 IST" name="FirefoxTests" finished-at="2026-03-10T12:12:41 IST" duration-ms="121927">
      <class name="tests.InvalidBookingTest">
        <test-method is-config="true" signature="setup(java.lang.String)[pri:0, instance:tests.InvalidBookingTest@5456afaa]" started-at="2026-03-10T12:11:25 IST" name="setup" finished-at="2026-03-10T12:11:30 IST" duration-ms="5824" status="PASS">
          <params>
            <param index="0">
              <value>
                <![CDATA[firefox]]>
              </value>
            </param>
          </params>
          <reporter-output>
          </reporter-output>
        </test-method> <!-- setup -->
        <test-method signature="bookingWithoutNameTest()[pri:0, instance:tests.InvalidBookingTest@5456afaa]" started-at="2026-03-10T12:11:30 IST" name="bookingWithoutNameTest" finished-at="2026-03-10T12:11:43 IST" duration-ms="13041" status="PASS">
          <reporter-output>
          </reporter-output>
        </test-method> <!-- bookingWithoutNameTest -->
        <test-method is-config="true" signature="tearDown()[pri:0, instance:tests.InvalidBookingTest@5456afaa]" started-at="2026-03-10T12:11:43 IST" name="tearDown" finished-at="2026-03-10T12:11:45 IST" duration-ms="1139" status="PASS">
          <reporter-output>
          </reporter-output>
        </test-method> <!-- tearDown -->
      </class> <!-- tests.InvalidBookingTest -->
      <class name="tests.EmptyAddressTest">
        <test-method is-config="true" signature="setup(java.lang.String)[pri:0, instance:tests.EmptyAddressTest@6692b6c6]" started-at="2026-03-10T12:11:45 IST" name="setup" finished-at="2026-03-10T12:11:50 IST" duration-ms="5655" status="PASS">
          <params>
            <param index="0">
              <value>
                <![CDATA[firefox]]>
              </value>
            </param>
          </params>
          <reporter-output>
          </reporter-output>
        </test-method> <!-- setup -->
        <test-method signature="verifyEmptyAddress()[pri:0, instance:tests.EmptyAddressTest@6692b6c6]" started-at="2026-03-10T12:11:50 IST" name="verifyEmptyAddress" description="Verify booking behavior when address field is empty" finished-at="2026-03-10T12:12:01 IST" duration-ms="10902" status="PASS">
          <reporter-output>
          </reporter-output>
        </test-method> <!-- verifyEmptyAddress -->
        <test-method is-config="true" signature="tearDown()[pri:0, instance:tests.EmptyAddressTest@6692b6c6]" started-at="2026-03-10T12:12:01 IST" name="tearDown" finished-at="2026-03-10T12:12:02 IST" duration-ms="1192" status="PASS">
          <reporter-output>
          </reporter-output>
        </test-method> <!-- tearDown -->
      </class> <!-- tests.EmptyAddressTest -->
      <class name="tests.PassengerValidationTest">
        <test-method is-config="true" signature="setup(java.lang.String)[pri:0, instance:tests.PassengerValidationTest@589da3f3]" started-at="2026-03-10T12:12:20 IST" name="setup" finished-at="2026-03-10T12:12:25 IST" duration-ms="5587" status="PASS">
          <params>
            <param index="0">
              <value>
                <![CDATA[firefox]]>
              </value>
            </param>
          </params>
          <reporter-output>
          </reporter-output>
        </test-method> <!-- setup -->
        <test-method signature="verifyPassengerName()[pri:0, instance:tests.PassengerValidationTest@589da3f3]" started-at="2026-03-10T12:12:25 IST" name="verifyPassengerName" description="Verify passenger name appears on confirmation page" finished-at="2026-03-10T12:12:40 IST" duration-ms="14861" status="PASS">
          <reporter-output>
          </reporter-output>
        </test-method> <!-- verifyPassengerName -->
        <test-method is-config="true" signature="tearDown()[pri:0, instance:tests.PassengerValidationTest@589da3f3]" started-at="2026-03-10T12:12:40 IST" name="tearDown" finished-at="2026-03-10T12:12:41 IST" duration-ms="1117" status="PASS">
          <reporter-output>
          </reporter-output>
        </test-method> <!-- tearDown -->
      </class> <!-- tests.PassengerValidationTest -->
      <class name="tests.FlightBookingTest">
        <test-method is-config="true" signature="setup(java.lang.String)[pri:0, instance:tests.FlightBookingTest@bb9e6dc]" started-at="2026-03-10T12:10:39 IST" name="setup" finished-at="2026-03-10T12:10:46 IST" duration-ms="6929" status="PASS">
          <params>
            <param index="0">
              <value>
                <![CDATA[firefox]]>
              </value>
            </param>
          </params>
          <reporter-output>
          </reporter-output>
        </test-method> <!-- setup -->
        <test-method signature="bookFlight(java.lang.String,java.lang.String,java.lang.String,java.lang.String,java.lang.String,java.lang.String)[pri:0, instance:tests.FlightBookingTest@bb9e6dc]" started-at="2026-03-10T12:10:46 IST" name="bookFlight" data-provider="bookingData" finished-at="2026-03-10T12:11:03 IST" duration-ms="16122" status="PASS">
          <params>
            <param index="0">
              <value>
                <![CDATA[Boston]]>
              </value>
            </param>
            <param index="1">
              <value>
                <![CDATA[London]]>
              </value>
            </param>
            <param index="2">
              <value>
                <![CDATA[Prakhar]]>
              </value>
            </param>
            <param index="3">
              <value>
                <![CDATA[NCR]]>
              </value>
            </param>
            <param index="4">
              <value>
                <![CDATA[DELHI]]>
              </value>
            </param>
            <param index="5">
              <value>
                <![CDATA[1234.0]]>
              </value>
            </param>
          </params>
          <reporter-output>
          </reporter-output>
        </test-method> <!-- bookFlight -->
        <test-method is-config="true" signature="tearDown()[pri:0, instance:tests.FlightBookingTest@bb9e6dc]" started-at="2026-03-10T12:11:03 IST" name="tearDown" finished-at="2026-03-10T12:11:04 IST" duration-ms="1090" status="PASS">
          <reporter-output>
          </reporter-output>
        </test-method> <!-- tearDown -->
        <test-method is-config="true" signature="setup(java.lang.String)[pri:0, instance:tests.FlightBookingTest@bb9e6dc]" started-at="2026-03-10T12:11:04 IST" name="setup" finished-at="2026-03-10T12:11:10 IST" duration-ms="6811" status="PASS">
          <params>
            <param index="0">
              <value>
                <![CDATA[firefox]]>
              </value>
            </param>
          </params>
          <reporter-output>
          </reporter-output>
        </test-method> <!-- setup -->
        <test-method signature="bookFlight(java.lang.String,java.lang.String,java.lang.String,java.lang.String,java.lang.String,java.lang.String)[pri:0, instance:tests.FlightBookingTest@bb9e6dc]" started-at="2026-03-10T12:11:10 IST" name="bookFlight" data-provider="bookingData" finished-at="2026-03-10T12:11:24 IST" duration-ms="13123" status="PASS">
          <params>
            <param index="0">
              <value>
                <![CDATA[Paris]]>
              </value>
            </param>
            <param index="1">
              <value>
                <![CDATA[Rome]]>
              </value>
            </param>
            <param index="2">
              <value>
                <![CDATA[Ravi]]>
              </value>
            </param>
            <param index="3">
              <value>
                <![CDATA[Noida]]>
              </value>
            </param>
            <param index="4">
              <value>
                <![CDATA[UP]]>
              </value>
            </param>
            <param index="5">
              <value>
                <![CDATA[2222.0]]>
              </value>
            </param>
          </params>
          <reporter-output>
          </reporter-output>
        </test-method> <!-- bookFlight -->
        <test-method is-config="true" signature="tearDown()[pri:0, instance:tests.FlightBookingTest@bb9e6dc]" started-at="2026-03-10T12:11:24 IST" name="tearDown" finished-at="2026-03-10T12:11:25 IST" duration-ms="971" status="PASS">
          <reporter-output>
          </reporter-output>
        </test-method> <!-- tearDown -->
      </class> <!-- tests.FlightBookingTest -->
      <class name="tests.InvalidCardTest">
        <test-method is-config="true" signature="setup(java.lang.String)[pri:0, instance:tests.InvalidCardTest@1cd629b3]" started-at="2026-03-10T12:12:02 IST" name="setup" finished-at="2026-03-10T12:12:08 IST" duration-ms="5208" status="PASS">
          <params>
            <param index="0">
              <value>
                <![CDATA[firefox]]>
              </value>
            </param>
          </params>
          <reporter-output>
          </reporter-output>
        </test-method> <!-- setup -->
        <test-method signature="invalidCardTest()[pri:0, instance:tests.InvalidCardTest@1cd629b3]" started-at="2026-03-10T12:12:08 IST" name="invalidCardTest" description="Verify booking behavior with invalid credit card number" finished-at="2026-03-10T12:12:18 IST" duration-ms="10847" status="PASS">
          <reporter-output>
          </reporter-output>
        </test-method> <!-- invalidCardTest -->
        <test-method is-config="true" signature="tearDown()[pri:0, instance:tests.InvalidCardTest@1cd629b3]" started-at="2026-03-10T12:12:19 IST" name="tearDown" finished-at="2026-03-10T12:12:20 IST" duration-ms="1225" status="PASS">
          <reporter-output>
          </reporter-output>
        </test-method> <!-- tearDown -->
      </class> <!-- tests.InvalidCardTest -->
    </test> <!-- FirefoxTests -->
  </suite> <!-- FlightBookingSuite -->
</testng-results>
