<?xml version="1.0" encoding="UTF-8"?>
<testng-results ignored="0" total="6" passed="6" failed="0" skipped="0">
  <reporter-output>
  </reporter-output>
  <suite started-at="2026-03-09T18:12:58 IST" name="FlightBookingSuite" finished-at="2026-03-09T18:14:15 IST" duration-ms="77456">
    <groups>
    </groups>
    <test started-at="2026-03-09T18:12:58 IST" name="ChromeTest" finished-at="2026-03-09T18:14:00 IST" duration-ms="62549">
      <class name="tests.InvalidBookingTest">
        <test-method is-config="true" signature="setup(java.lang.String)[pri:0, instance:tests.InvalidBookingTest@3cfdd820]" started-at="2026-03-09T18:13:41 IST" name="setup" finished-at="2026-03-09T18:13:43 IST" duration-ms="2432" status="PASS">
          <params>
            <param index="0">
              <value>
                <![CDATA[chrome]]>
              </value>
            </param>
          </params>
          <reporter-output>
          </reporter-output>
        </test-method> <!-- setup -->
        <test-method signature="bookingWithoutNameTest()[pri:0, instance:tests.InvalidBookingTest@3cfdd820]" started-at="2026-03-09T18:13:43 IST" name="bookingWithoutNameTest" finished-at="2026-03-09T18:13:59 IST" duration-ms="15888" status="PASS">
          <reporter-output>
          </reporter-output>
        </test-method> <!-- bookingWithoutNameTest -->
        <test-method is-config="true" signature="tearDown()[pri:0, instance:tests.InvalidBookingTest@3cfdd820]" started-at="2026-03-09T18:14:00 IST" name="tearDown" finished-at="2026-03-09T18:14:00 IST" duration-ms="701" status="PASS">
          <reporter-output>
          </reporter-output>
        </test-method> <!-- tearDown -->
      </class> <!-- tests.InvalidBookingTest -->
      <class name="tests.FlightBookingTest">
        <test-method is-config="true" signature="setup(java.lang.String)[pri:0, instance:tests.FlightBookingTest@79defdc]" started-at="2026-03-09T18:12:59 IST" name="setup" finished-at="2026-03-09T18:13:04 IST" duration-ms="5428" status="PASS">
          <params>
            <param index="0">
              <value>
                <![CDATA[chrome]]>
              </value>
            </param>
          </params>
          <reporter-output>
          </reporter-output>
        </test-method> <!-- setup -->
        <test-method signature="bookFlight(java.lang.String,java.lang.String,java.lang.String,java.lang.String,java.lang.String,java.lang.String)[pri:0, instance:tests.FlightBookingTest@79defdc]" started-at="2026-03-09T18:13:04 IST" name="bookFlight" data-provider="bookingData" finished-at="2026-03-09T18:13:22 IST" duration-ms="17851" status="PASS">
          <params>
            <param index="0">
              <value>
                <![CDATA[Boston]]>
              </value>
            </param>
            <param index="1">
              <value>
                <![CDATA[London]]>
              </value>
            </param>
            <param index="2">
              <value>
                <![CDATA[John]]>
              </value>
            </param>
            <param index="3">
              <value>
                <![CDATA[Street1]]>
              </value>
            </param>
            <param index="4">
              <value>
                <![CDATA[NY]]>
              </value>
            </param>
            <param index="5">
              <value>
                <![CDATA[1111.0]]>
              </value>
            </param>
          </params>
          <reporter-output>
          </reporter-output>
        </test-method> <!-- bookFlight -->
        <test-method is-config="true" signature="tearDown()[pri:0, instance:tests.FlightBookingTest@79defdc]" started-at="2026-03-09T18:13:22 IST" name="tearDown" finished-at="2026-03-09T18:13:23 IST" duration-ms="360" status="PASS">
          <reporter-output>
          </reporter-output>
        </test-method> <!-- tearDown -->
        <test-method is-config="true" signature="setup(java.lang.String)[pri:0, instance:tests.FlightBookingTest@79defdc]" started-at="2026-03-09T18:13:23 IST" name="setup" finished-at="2026-03-09T18:13:26 IST" duration-ms="2887" status="PASS">
          <params>
            <param index="0">
              <value>
                <![CDATA[chrome]]>
              </value>
            </param>
          </params>
          <reporter-output>
          </reporter-output>
        </test-method> <!-- setup -->
        <test-method signature="bookFlight(java.lang.String,java.lang.String,java.lang.String,java.lang.String,java.lang.String,java.lang.String)[pri:0, instance:tests.FlightBookingTest@79defdc]" started-at="2026-03-09T18:13:26 IST" name="bookFlight" data-provider="bookingData" finished-at="2026-03-09T18:13:40 IST" duration-ms="14729" status="PASS">
          <params>
            <param index="0">
              <value>
                <![CDATA[Paris]]>
              </value>
            </param>
            <param index="1">
              <value>
                <![CDATA[Rome]]>
              </value>
            </param>
            <param index="2">
              <value>
                <![CDATA[Mike]]>
              </value>
            </param>
            <param index="3">
              <value>
                <![CDATA[Street2]]>
              </value>
            </param>
            <param index="4">
              <value>
                <![CDATA[CA]]>
              </value>
            </param>
            <param index="5">
              <value>
                <![CDATA[2222.0]]>
              </value>
            </param>
          </params>
          <reporter-output>
          </reporter-output>
        </test-method> <!-- bookFlight -->
        <test-method is-config="true" signature="tearDown()[pri:0, instance:tests.FlightBookingTest@79defdc]" started-at="2026-03-09T18:13:40 IST" name="tearDown" finished-at="2026-03-09T18:13:41 IST" duration-ms="421" status="PASS">
          <reporter-output>
          </reporter-output>
        </test-method> <!-- tearDown -->
      </class> <!-- tests.FlightBookingTest -->
    </test> <!-- ChromeTest -->
    <test started-at="2026-03-09T18:12:58 IST" name="FirefoxTest" finished-at="2026-03-09T18:14:15 IST" duration-ms="77456">
      <class name="tests.InvalidBookingTest">
        <test-method is-config="true" signature="setup(java.lang.String)[pri:0, instance:tests.InvalidBookingTest@3116c353]" started-at="2026-03-09T18:13:51 IST" name="setup" finished-at="2026-03-09T18:14:00 IST" duration-ms="9281" status="PASS">
          <params>
            <param index="0">
              <value>
                <![CDATA[firefox]]>
              </value>
            </param>
          </params>
          <reporter-output>
          </reporter-output>
        </test-method> <!-- setup -->
        <test-method signature="bookingWithoutNameTest()[pri:0, instance:tests.InvalidBookingTest@3116c353]" started-at="2026-03-09T18:14:00 IST" name="bookingWithoutNameTest" finished-at="2026-03-09T18:14:14 IST" duration-ms="13293" status="PASS">
          <reporter-output>
          </reporter-output>
        </test-method> <!-- bookingWithoutNameTest -->
        <test-method is-config="true" signature="tearDown()[pri:0, instance:tests.InvalidBookingTest@3116c353]" started-at="2026-03-09T18:14:14 IST" name="tearDown" finished-at="2026-03-09T18:14:15 IST" duration-ms="1432" status="PASS">
          <reporter-output>
          </reporter-output>
        </test-method> <!-- tearDown -->
      </class> <!-- tests.InvalidBookingTest -->
      <class name="tests.FlightBookingTest">
        <test-method is-config="true" signature="setup(java.lang.String)[pri:0, instance:tests.FlightBookingTest@6ea2bc93]" started-at="2026-03-09T18:12:59 IST" name="setup" finished-at="2026-03-09T18:13:11 IST" duration-ms="12037" status="PASS">
          <params>
            <param index="0">
              <value>
                <![CDATA[firefox]]>
              </value>
            </param>
          </params>
          <reporter-output>
          </reporter-output>
        </test-method> <!-- setup -->
        <test-method signature="bookFlight(java.lang.String,java.lang.String,java.lang.String,java.lang.String,java.lang.String,java.lang.String)[pri:0, instance:tests.FlightBookingTest@6ea2bc93]" started-at="2026-03-09T18:13:11 IST" name="bookFlight" data-provider="bookingData" finished-at="2026-03-09T18:13:26 IST" duration-ms="14674" status="PASS">
          <params>
            <param index="0">
              <value>
                <![CDATA[Boston]]>
              </value>
            </param>
            <param index="1">
              <value>
                <![CDATA[London]]>
              </value>
            </param>
            <param index="2">
              <value>
                <![CDATA[John]]>
              </value>
            </param>
            <param index="3">
              <value>
                <![CDATA[Street1]]>
              </value>
            </param>
            <param index="4">
              <value>
                <![CDATA[NY]]>
              </value>
            </param>
            <param index="5">
              <value>
                <![CDATA[1111.0]]>
              </value>
            </param>
          </params>
          <reporter-output>
          </reporter-output>
        </test-method> <!-- bookFlight -->
        <test-method is-config="true" signature="tearDown()[pri:0, instance:tests.FlightBookingTest@6ea2bc93]" started-at="2026-03-09T18:13:26 IST" name="tearDown" finished-at="2026-03-09T18:13:27 IST" duration-ms="1573" status="PASS">
          <reporter-output>
          </reporter-output>
        </test-method> <!-- tearDown -->
        <test-method is-config="true" signature="setup(java.lang.String)[pri:0, instance:tests.FlightBookingTest@6ea2bc93]" started-at="2026-03-09T18:13:27 IST" name="setup" finished-at="2026-03-09T18:13:35 IST" duration-ms="7303" status="PASS">
          <params>
            <param index="0">
              <value>
                <![CDATA[firefox]]>
              </value>
            </param>
          </params>
          <reporter-output>
          </reporter-output>
        </test-method> <!-- setup -->
        <test-method signature="bookFlight(java.lang.String,java.lang.String,java.lang.String,java.lang.String,java.lang.String,java.lang.String)[pri:0, instance:tests.FlightBookingTest@6ea2bc93]" started-at="2026-03-09T18:13:35 IST" name="bookFlight" data-provider="bookingData" finished-at="2026-03-09T18:13:49 IST" duration-ms="14107" status="PASS">
          <params>
            <param index="0">
              <value>
                <![CDATA[Paris]]>
              </value>
            </param>
            <param index="1">
              <value>
                <![CDATA[Rome]]>
              </value>
            </param>
            <param index="2">
              <value>
                <![CDATA[Mike]]>
              </value>
            </param>
            <param index="3">
              <value>
                <![CDATA[Street2]]>
              </value>
            </param>
            <param index="4">
              <value>
                <![CDATA[CA]]>
              </value>
            </param>
            <param index="5">
              <value>
                <![CDATA[2222.0]]>
              </value>
            </param>
          </params>
          <reporter-output>
          </reporter-output>
        </test-method> <!-- bookFlight -->
        <test-method is-config="true" signature="tearDown()[pri:0, instance:tests.FlightBookingTest@6ea2bc93]" started-at="2026-03-09T18:13:49 IST" name="tearDown" finished-at="2026-03-09T18:13:51 IST" duration-ms="2335" status="PASS">
          <reporter-output>
          </reporter-output>
        </test-method> <!-- tearDown -->
      </class> <!-- tests.FlightBookingTest -->
    </test> <!-- FirefoxTest -->
  </suite> <!-- FlightBookingSuite -->
</testng-results>
