<?xml version="1.0" encoding="UTF-8"?>
<!-- Generated by org.testng.reporters.JUnitReportReporter -->
<testsuite hostname="DESKTOP-8LUOQ3B" failures="0" tests="2" name="tests.InvalidBookingTest" time="43.027" errors="0" timestamp="2026-03-09T18:14:15 IST" skipped="0">
  <testcase classname="tests.InvalidBookingTest" name="bookingWithoutNameTest" time="24.006"/>
  <testcase classname="tests.InvalidBookingTest" name="bookingWithoutNameTest" time="19.021"/>
</testsuite> <!-- tests.InvalidBookingTest -->
