<?xml version="1.0" encoding="UTF-8"?>
<!-- Generated by org.testng.reporters.JUnitReportReporter -->
<testsuite hostname="DESKTOP-8LUOQ3B" failures="0" tests="2" name="tests.PassengerValidationTest" time="40.226" errors="0" timestamp="2026-03-10T12:12:42 IST" skipped="0">
  <testcase classname="tests.PassengerValidationTest" name="verifyPassengerName" time="18.661"/>
  <testcase classname="tests.PassengerValidationTest" name="verifyPassengerName" time="21.565"/>
</testsuite> <!-- tests.PassengerValidationTest -->
