<?xml version="1.0" encoding="UTF-8"?>
<!-- Generated by org.testng.reporters.JUnitReportReporter -->
<testsuite hostname="DESKTOP-8LUOQ3B" failures="0" tests="2" name="tests.InvalidBookingTest" time="41.326" errors="0" timestamp="2026-03-09T17:16:05 IST" skipped="0">
  <testcase classname="tests.InvalidBookingTest" name="bookingWithoutNameTest" time="19.220"/>
  <testcase classname="tests.InvalidBookingTest" name="bookingWithoutNameTest" time="22.106"/>
</testsuite> <!-- tests.InvalidBookingTest -->
