<?xml version="1.0" encoding="UTF-8"?>
<!-- Generated by org.testng.reporters.JUnitReportReporter -->
<testsuite hostname="DESKTOP-8LUOQ3B" failures="0" tests="4" name="tests.FlightBookingTest" time="85.357" errors="0" timestamp="2026-03-10T12:12:42 IST" skipped="0">
  <testcase classname="tests.FlightBookingTest" name="bookFlight" time="19.742"/>
  <testcase classname="tests.FlightBookingTest" name="bookFlight" time="20.569"/>
  <testcase classname="tests.FlightBookingTest" name="bookFlight" time="20.905"/>
  <testcase classname="tests.FlightBookingTest" name="bookFlight" time="24.141"/>
</testsuite> <!-- tests.FlightBookingTest -->
