<?xml version="1.0" encoding="UTF-8"?>
<!-- Generated by org.testng.reporters.JUnitReportReporter -->
<testsuite hostname="DESKTOP-8LUOQ3B" failures="0" tests="4" name="tests.FlightBookingTest" time="79.793" errors="0" timestamp="2026-03-10T10:22:24 IST" skipped="0">
  <testcase classname="tests.FlightBookingTest" name="bookFlight" time="22.478"/>
  <testcase classname="tests.FlightBookingTest" name="bookFlight" time="20.637"/>
  <testcase classname="tests.FlightBookingTest" name="bookFlight" time="16.607"/>
  <testcase classname="tests.FlightBookingTest" name="bookFlight" time="20.071"/>
</testsuite> <!-- tests.FlightBookingTest -->
